[2026-01-06 07:19:12] [INFO] [DictionaryManager] [logger.py:74] 默认字典创建完成: default
[2026-01-06 07:19:12] [INFO] [DictionaryManager] [logger.py:74] 字典管理器初始化完成 | 字典数: 1
[2026-01-06 07:19:12] [INFO] [DictionaryManager] [logger.py:74] 默认字典创建完成: default
[2026-01-06 07:19:12] [INFO] [DictionaryManager] [logger.py:74] 字典管理器初始化完成 | 字典数: 1
[2026-01-06 07:19:14] [INFO] [DictionaryManager] [logger.py:74] 已保存 1 个字典
[2026-01-06 07:19:14] [INFO] [DictionaryManager] [logger.py:74] 字典管理器清理完成
[2026-01-06 07:19:19] [INFO] [DictionaryManager] [logger.py:74] 加载字典: default (21词)
[2026-01-06 07:19:19] [INFO] [DictionaryManager] [logger.py:74] 字典管理器初始化完成 | 字典数: 1
[2026-01-06 07:19:20] [INFO] [DictionaryManager] [logger.py:74] 字典管理器清理完成
[2026-01-06 07:19:25] [INFO] [DictionaryManager] [logger.py:74] 加载字典: default (21词)
[2026-01-06 07:19:25] [INFO] [DictionaryManager] [logger.py:74] 字典管理器初始化完成 | 字典数: 1
[2026-01-06 07:19:26] [INFO] [DictionaryManager] [logger.py:74] 字典管理器清理完成
[2026-01-06 07:20:07] [INFO] [DictionaryManager] [logger.py:74] 加载字典: default (21词)
[2026-01-06 07:20:07] [INFO] [DictionaryManager] [logger.py:74] 字典管理器初始化完成 | 字典数: 1
[2026-01-06 07:20:07] [INFO] [DictionaryManager] [logger.py:74] 加载字典: default (21词)
[2026-01-06 07:20:07] [INFO] [DictionaryManager] [logger.py:74] 字典管理器初始化完成 | 字典数: 1
[2026-01-06 07:20:09] [INFO] [DictionaryManager] [logger.py:74] 已保存 1 个字典
[2026-01-06 07:20:09] [INFO] [DictionaryManager] [logger.py:74] 字典管理器清理完成
[2026-01-06 07:20:14] [INFO] [DictionaryManager] [logger.py:74] 加载字典: default (69词)
[2026-01-06 07:20:14] [INFO] [DictionaryManager] [logger.py:74] 字典管理器初始化完成 | 字典数: 1
[2026-01-06 07:20:15] [INFO] [DictionaryManager] [logger.py:74] 已保存 1 个字典
[2026-01-06 07:20:15] [INFO] [DictionaryManager] [logger.py:74] 字典管理器清理完成
[2026-01-06 07:20:20] [INFO] [DictionaryManager] [logger.py:74] 加载字典: default (96词)
[2026-01-06 07:20:20] [INFO] [DictionaryManager] [logger.py:74] 字典管理器初始化完成 | 字典数: 1
[2026-01-06 07:20:21] [INFO] [DictionaryManager] [logger.py:74] 字典管理器清理完成
[2026-01-06 07:21:12] [INFO] [DictionaryManager] [logger.py:74] 加载字典: default (96词)
[2026-01-06 07:21:12] [INFO] [DictionaryManager] [logger.py:74] 字典管理器初始化完成 | 字典数: 1
[2026-01-06 07:21:13] [INFO] [DictionaryManager] [logger.py:74] 加载字典: default (96词)
[2026-01-06 07:21:13] [INFO] [DictionaryManager] [logger.py:74] 字典管理器初始化完成 | 字典数: 1
[2026-01-06 07:21:14] [INFO] [DictionaryManager] [logger.py:74] 字典管理器清理完成
[2026-01-06 07:21:19] [INFO] [DictionaryManager] [logger.py:74] 加载字典: default (96词)
[2026-01-06 07:21:19] [INFO] [DictionaryManager] [logger.py:74] 字典管理器初始化完成 | 字典数: 1
[2026-01-06 07:21:20] [INFO] [DictionaryManager] [logger.py:74] 字典管理器清理完成
[2026-01-06 07:21:25] [INFO] [DictionaryManager] [logger.py:74] 加载字典: default (96词)
[2026-01-06 07:21:25] [INFO] [DictionaryManager] [logger.py:74] 字典管理器初始化完成 | 字典数: 1
[2026-01-06 07:21:26] [INFO] [DictionaryManager] [logger.py:74] 字典管理器清理完成
